Determining if the pthread_create exist failed with the following output:
Change Dir: /home/apollo3d/Documents/gitlab/autotest/CMakeFiles/CMakeTmp

Run Build Command:"/usr/bin/make" "cmTC_eb94c/fast"
/usr/bin/make -f CMakeFiles/cmTC_eb94c.dir/build.make CMakeFiles/cmTC_eb94c.dir/build
make[1]: Entering directory '/home/apollo3d/Documents/gitlab/autotest/CMakeFiles/CMakeTmp'
Building C object CMakeFiles/cmTC_eb94c.dir/CheckSymbolExists.c.o
/usr/bin/cc     -o CMakeFiles/cmTC_eb94c.dir/CheckSymbolExists.c.o   -c /home/apollo3d/Documents/gitlab/autotest/CMakeFiles/CMakeTmp/CheckSymbolExists.c
Linking C executable cmTC_eb94c
/usr/bin/cmake -E cmake_link_script CMakeFiles/cmTC_eb94c.dir/link.txt --verbose=1
/usr/bin/cc       CMakeFiles/cmTC_eb94c.dir/CheckSymbolExists.c.o  -o cmTC_eb94c -rdynamic 
CMakeFiles/cmTC_eb94c.dir/CheckSymbolExists.c.o: In function `main':
CheckSymbolExists.c:(.text+0x16): undefined reference to `pthread_create'
collect2: error: ld returned 1 exit status
CMakeFiles/cmTC_eb94c.dir/build.make:97: recipe for target 'cmTC_eb94c' failed
make[1]: *** [cmTC_eb94c] Error 1
make[1]: Leaving directory '/home/apollo3d/Documents/gitlab/autotest/CMakeFiles/CMakeTmp'
Makefile:126: recipe for target 'cmTC_eb94c/fast' failed
make: *** [cmTC_eb94c/fast] Error 2

File /home/apollo3d/Documents/gitlab/autotest/CMakeFiles/CMakeTmp/CheckSymbolExists.c:
/* */
#include <pthread.h>

int main(int argc, char** argv)
{
  (void)argv;
#ifndef pthread_create
  return ((int*)(&pthread_create))[argc];
#else
  (void)argc;
  return 0;
#endif
}

Determining if the function pthread_create exists in the pthreads failed with the following output:
Change Dir: /home/apollo3d/Documents/gitlab/autotest/CMakeFiles/CMakeTmp

Run Build Command:"/usr/bin/make" "cmTC_882a0/fast"
/usr/bin/make -f CMakeFiles/cmTC_882a0.dir/build.make CMakeFiles/cmTC_882a0.dir/build
make[1]: Entering directory '/home/apollo3d/Documents/gitlab/autotest/CMakeFiles/CMakeTmp'
Building C object CMakeFiles/cmTC_882a0.dir/CheckFunctionExists.c.o
/usr/bin/cc    -DCHECK_FUNCTION_EXISTS=pthread_create   -o CMakeFiles/cmTC_882a0.dir/CheckFunctionExists.c.o   -c /usr/share/cmake-3.5/Modules/CheckFunctionExists.c
Linking C executable cmTC_882a0
/usr/bin/cmake -E cmake_link_script CMakeFiles/cmTC_882a0.dir/link.txt --verbose=1
/usr/bin/cc   -DCHECK_FUNCTION_EXISTS=pthread_create    CMakeFiles/cmTC_882a0.dir/CheckFunctionExists.c.o  -o cmTC_882a0 -rdynamic -lpthreads 
/usr/bin/ld: cannot find -lpthreads
collect2: error: ld returned 1 exit status
CMakeFiles/cmTC_882a0.dir/build.make:97: recipe for target 'cmTC_882a0' failed
make[1]: *** [cmTC_882a0] Error 1
make[1]: Leaving directory '/home/apollo3d/Documents/gitlab/autotest/CMakeFiles/CMakeTmp'
Makefile:126: recipe for target 'cmTC_882a0/fast' failed
make: *** [cmTC_882a0/fast] Error 2


Determining if the pthread_create exist failed with the following output:
Change Dir: /home/apollo3d/Documents/gitlab/autotest/CMakeFiles/CMakeTmp

Run Build Command:"/usr/bin/make" "cmTC_11423/fast"
/usr/bin/make -f CMakeFiles/cmTC_11423.dir/build.make CMakeFiles/cmTC_11423.dir/build
make[1]: Entering directory '/home/apollo3d/Documents/gitlab/autotest/CMakeFiles/CMakeTmp'
Building C object CMakeFiles/cmTC_11423.dir/CheckSymbolExists.c.o
/usr/bin/cc     -o CMakeFiles/cmTC_11423.dir/CheckSymbolExists.c.o   -c /home/apollo3d/Documents/gitlab/autotest/CMakeFiles/CMakeTmp/CheckSymbolExists.c
Linking C executable cmTC_11423
/usr/bin/cmake -E cmake_link_script CMakeFiles/cmTC_11423.dir/link.txt --verbose=1
/usr/bin/cc       CMakeFiles/cmTC_11423.dir/CheckSymbolExists.c.o  -o cmTC_11423 -rdynamic 
CMakeFiles/cmTC_11423.dir/CheckSymbolExists.c.o: In function `main':
CheckSymbolExists.c:(.text+0x16): undefined reference to `pthread_create'
collect2: error: ld returned 1 exit status
CMakeFiles/cmTC_11423.dir/build.make:97: recipe for target 'cmTC_11423' failed
make[1]: *** [cmTC_11423] Error 1
make[1]: Leaving directory '/home/apollo3d/Documents/gitlab/autotest/CMakeFiles/CMakeTmp'
Makefile:126: recipe for target 'cmTC_11423/fast' failed
make: *** [cmTC_11423/fast] Error 2

File /home/apollo3d/Documents/gitlab/autotest/CMakeFiles/CMakeTmp/CheckSymbolExists.c:
/* */
#include <pthread.h>

int main(int argc, char** argv)
{
  (void)argv;
#ifndef pthread_create
  return ((int*)(&pthread_create))[argc];
#else
  (void)argc;
  return 0;
#endif
}

Determining if the function pthread_create exists in the pthreads failed with the following output:
Change Dir: /home/apollo3d/Documents/gitlab/autotest/CMakeFiles/CMakeTmp

Run Build Command:"/usr/bin/make" "cmTC_0ae35/fast"
/usr/bin/make -f CMakeFiles/cmTC_0ae35.dir/build.make CMakeFiles/cmTC_0ae35.dir/build
make[1]: Entering directory '/home/apollo3d/Documents/gitlab/autotest/CMakeFiles/CMakeTmp'
Building C object CMakeFiles/cmTC_0ae35.dir/CheckFunctionExists.c.o
/usr/bin/cc    -DCHECK_FUNCTION_EXISTS=pthread_create   -o CMakeFiles/cmTC_0ae35.dir/CheckFunctionExists.c.o   -c /usr/share/cmake-3.5/Modules/CheckFunctionExists.c
Linking C executable cmTC_0ae35
/usr/bin/cmake -E cmake_link_script CMakeFiles/cmTC_0ae35.dir/link.txt --verbose=1
/usr/bin/cc   -DCHECK_FUNCTION_EXISTS=pthread_create    CMakeFiles/cmTC_0ae35.dir/CheckFunctionExists.c.o  -o cmTC_0ae35 -rdynamic -lpthreads 
/usr/bin/ld: cannot find -lpthreads
collect2: error: ld returned 1 exit status
CMakeFiles/cmTC_0ae35.dir/build.make:97: recipe for target 'cmTC_0ae35' failed
make[1]: *** [cmTC_0ae35] Error 1
make[1]: Leaving directory '/home/apollo3d/Documents/gitlab/autotest/CMakeFiles/CMakeTmp'
Makefile:126: recipe for target 'cmTC_0ae35/fast' failed
make: *** [cmTC_0ae35/fast] Error 2


Determining if the pthread_create exist failed with the following output:
Change Dir: /home/apollo3d/Documents/gitlab/mytest/CMakeFiles/CMakeTmp

Run Build Command:"/usr/bin/make" "cmTC_ebe8e/fast"
/usr/bin/make -f CMakeFiles/cmTC_ebe8e.dir/build.make CMakeFiles/cmTC_ebe8e.dir/build
make[1]: Entering directory '/home/apollo3d/Documents/gitlab/mytest/CMakeFiles/CMakeTmp'
Building C object CMakeFiles/cmTC_ebe8e.dir/CheckSymbolExists.c.o
/usr/bin/cc     -o CMakeFiles/cmTC_ebe8e.dir/CheckSymbolExists.c.o   -c /home/apollo3d/Documents/gitlab/mytest/CMakeFiles/CMakeTmp/CheckSymbolExists.c
Linking C executable cmTC_ebe8e
/usr/bin/cmake -E cmake_link_script CMakeFiles/cmTC_ebe8e.dir/link.txt --verbose=1
/usr/bin/cc       CMakeFiles/cmTC_ebe8e.dir/CheckSymbolExists.c.o  -o cmTC_ebe8e -rdynamic 
CMakeFiles/cmTC_ebe8e.dir/CheckSymbolExists.c.o: In function `main':
CheckSymbolExists.c:(.text+0x16): undefined reference to `pthread_create'
collect2: error: ld returned 1 exit status
CMakeFiles/cmTC_ebe8e.dir/build.make:97: recipe for target 'cmTC_ebe8e' failed
make[1]: *** [cmTC_ebe8e] Error 1
make[1]: Leaving directory '/home/apollo3d/Documents/gitlab/mytest/CMakeFiles/CMakeTmp'
Makefile:126: recipe for target 'cmTC_ebe8e/fast' failed
make: *** [cmTC_ebe8e/fast] Error 2

File /home/apollo3d/Documents/gitlab/mytest/CMakeFiles/CMakeTmp/CheckSymbolExists.c:
/* */
#include <pthread.h>

int main(int argc, char** argv)
{
  (void)argv;
#ifndef pthread_create
  return ((int*)(&pthread_create))[argc];
#else
  (void)argc;
  return 0;
#endif
}

Determining if the function pthread_create exists in the pthreads failed with the following output:
Change Dir: /home/apollo3d/Documents/gitlab/mytest/CMakeFiles/CMakeTmp

Run Build Command:"/usr/bin/make" "cmTC_44e58/fast"
/usr/bin/make -f CMakeFiles/cmTC_44e58.dir/build.make CMakeFiles/cmTC_44e58.dir/build
make[1]: Entering directory '/home/apollo3d/Documents/gitlab/mytest/CMakeFiles/CMakeTmp'
Building C object CMakeFiles/cmTC_44e58.dir/CheckFunctionExists.c.o
/usr/bin/cc    -DCHECK_FUNCTION_EXISTS=pthread_create   -o CMakeFiles/cmTC_44e58.dir/CheckFunctionExists.c.o   -c /usr/share/cmake-3.5/Modules/CheckFunctionExists.c
Linking C executable cmTC_44e58
/usr/bin/cmake -E cmake_link_script CMakeFiles/cmTC_44e58.dir/link.txt --verbose=1
/usr/bin/cc   -DCHECK_FUNCTION_EXISTS=pthread_create    CMakeFiles/cmTC_44e58.dir/CheckFunctionExists.c.o  -o cmTC_44e58 -rdynamic -lpthreads 
/usr/bin/ld: cannot find -lpthreads
collect2: error: ld returned 1 exit status
CMakeFiles/cmTC_44e58.dir/build.make:97: recipe for target 'cmTC_44e58' failed
make[1]: *** [cmTC_44e58] Error 1
make[1]: Leaving directory '/home/apollo3d/Documents/gitlab/mytest/CMakeFiles/CMakeTmp'
Makefile:126: recipe for target 'cmTC_44e58/fast' failed
make: *** [cmTC_44e58/fast] Error 2


